Performing C SOURCE FILE Test CMAKE_HAVE_LIBC_PTHREAD failed with the following output:
Change Dir: /home/bwilab/spot/spot_cpp/examples/teleop/build/CMakeFiles/CMakeTmp

Run Build Command(s):/usr/bin/make cmTC_55968/fast && /usr/bin/make  -f CMakeFiles/cmTC_55968.dir/build.make CMakeFiles/cmTC_55968.dir/build
make[1]: Entering directory '/home/bwilab/spot/spot_cpp/examples/teleop/build/CMakeFiles/CMakeTmp'
Building C object CMakeFiles/cmTC_55968.dir/src.c.o
/usr/bin/cc -DCMAKE_HAVE_LIBC_PTHREAD   -o CMakeFiles/cmTC_55968.dir/src.c.o -c /home/bwilab/spot/spot_cpp/examples/teleop/build/CMakeFiles/CMakeTmp/src.c
Linking C executable cmTC_55968
/home/bwilab/.local/bin/cmake -E cmake_link_script CMakeFiles/cmTC_55968.dir/link.txt --verbose=1
/usr/bin/cc -rdynamic CMakeFiles/cmTC_55968.dir/src.c.o -o cmTC_55968 
/usr/bin/ld: CMakeFiles/cmTC_55968.dir/src.c.o: in function `main':
src.c:(.text+0x46): undefined reference to `pthread_create'
/usr/bin/ld: src.c:(.text+0x52): undefined reference to `pthread_detach'
/usr/bin/ld: src.c:(.text+0x5e): undefined reference to `pthread_cancel'
/usr/bin/ld: src.c:(.text+0x6f): undefined reference to `pthread_join'
collect2: error: ld returned 1 exit status
make[1]: *** [CMakeFiles/cmTC_55968.dir/build.make:106: cmTC_55968] Error 1
make[1]: Leaving directory '/home/bwilab/spot/spot_cpp/examples/teleop/build/CMakeFiles/CMakeTmp'
make: *** [Makefile:140: cmTC_55968/fast] Error 2


Source file was:
#include <pthread.h>

static void* test_func(void* data)
{
  return data;
}

int main(void)
{
  pthread_t thread;
  pthread_create(&thread, NULL, test_func, NULL);
  pthread_detach(thread);
  pthread_cancel(thread);
  pthread_join(thread, NULL);
  pthread_atfork(NULL, NULL, NULL);
  pthread_exit(NULL);

  return 0;
}

Determining if the function pthread_create exists in the pthreads failed with the following output:
Change Dir: /home/bwilab/spot/spot_cpp/examples/teleop/build/CMakeFiles/CMakeTmp

Run Build Command(s):/usr/bin/make cmTC_04c30/fast && /usr/bin/make  -f CMakeFiles/cmTC_04c30.dir/build.make CMakeFiles/cmTC_04c30.dir/build
make[1]: Entering directory '/home/bwilab/spot/spot_cpp/examples/teleop/build/CMakeFiles/CMakeTmp'
Building C object CMakeFiles/cmTC_04c30.dir/CheckFunctionExists.c.o
/usr/bin/cc   -DCHECK_FUNCTION_EXISTS=pthread_create -o CMakeFiles/cmTC_04c30.dir/CheckFunctionExists.c.o -c /home/bwilab/.local/share/cmake-3.19/Modules/CheckFunctionExists.c
Linking C executable cmTC_04c30
/home/bwilab/.local/bin/cmake -E cmake_link_script CMakeFiles/cmTC_04c30.dir/link.txt --verbose=1
/usr/bin/cc  -DCHECK_FUNCTION_EXISTS=pthread_create -rdynamic CMakeFiles/cmTC_04c30.dir/CheckFunctionExists.c.o -o cmTC_04c30  -lpthreads 
/usr/bin/ld: cannot find -lpthreads
collect2: error: ld returned 1 exit status
make[1]: *** [CMakeFiles/cmTC_04c30.dir/build.make:106: cmTC_04c30] Error 1
make[1]: Leaving directory '/home/bwilab/spot/spot_cpp/examples/teleop/build/CMakeFiles/CMakeTmp'
make: *** [Makefile:140: cmTC_04c30/fast] Error 2



